<?xml version="1.0" encoding="UTF-8"?>
<!-- Generated by org.testng.reporters.JUnitReportReporter -->
<testsuite hostname="DESKTOP-08SKCOP" failures="0" tests="1" name="com.swaglab.test.TC_003" time="10.359" errors="0" timestamp="2024-05-03T09:28:28 IST" skipped="0">
  <testcase classname="com.swaglab.test.TC_003" name="tc_001" time="10.359"/>
</testsuite> <!-- com.swaglab.test.TC_003 -->
