<?xml version="1.0" encoding="UTF-8"?>
<!-- Generated by org.testng.reporters.JUnitReportReporter -->
<testsuite hostname="DESKTOP-08SKCOP" failures="0" tests="1" name="com.swaglab.test.Test1" time="0.011" errors="0" timestamp="2024-05-03T07:59:46 IST" skipped="0">
  <testcase classname="com.swaglab.test.Test1" name="test1" time="0.011"/>
</testsuite> <!-- com.swaglab.test.Test1 -->
