<?xml version="1.0" encoding="UTF-8"?>
<!-- Generated by org.testng.reporters.JUnitReportReporter -->
<testsuite hostname="DESKTOP-08SKCOP" failures="0" tests="1" name="com.swaglab.test.TC_004" time="16.473" errors="0" timestamp="2024-05-08T18:56:55 IST" skipped="0">
  <testcase classname="com.swaglab.test.TC_004" name="tc_004" time="16.473"/>
</testsuite> <!-- com.swaglab.test.TC_004 -->
