<?xml version="1.0" encoding="UTF-8"?>
<!-- Generated by org.testng.reporters.JUnitReportReporter -->
<testsuite hostname="DESKTOP-08SKCOP" failures="0" tests="1" name="com.swaglab.test.TC_002" time="0.918" errors="0" timestamp="2024-05-03T09:09:59 IST" skipped="0">
  <testcase classname="com.swaglab.test.TC_002" name="tc_002" time="0.918"/>
</testsuite> <!-- com.swaglab.test.TC_002 -->
